[LOG] FMOD_System_Create                       : Header version = 2.03.12. Current version = 2.03.12.
[LOG] system_create                            : Header version = 2.03.12. Current version = 2.03.12.
[LOG] SystemI::setOutputInternal               : Setting output to 'FMOD WASAPI Output'
[LOG] Manager::init                            : maxchannels = 256 studioflags = 00000006 flags 00000000 extradriverdata 0000000000000000.
[LOG] SystemI::init                            : Initialize version=20312 (160365), maxchannels=256, flags=0x00020000
[LOG] OutputWASAPI::init                       : Mix Format (WAVEFORMATEX): wFormatTag=0xFFFE, nChannels=2, nSamplesPerSec=48000, nAvgBytesPerSec=384000, nBlockAlign=8, wBitsPerSample=32, cbSize=22.
[LOG] OutputWASAPI::init                       : Mix Format (WAVEFORMATEXTENSIBLE): wValidBitsPerSample=32, dwChannelMask=0x00000003, SubFormat=00000003-0000-0010-8000-00AA00389B71.
[LOG] OutputWASAPI::init                       : Output buffer size: 2048 samples, latency: 0.00ms, period: 10.00ms, DSP buffer: 512 * 4
[LOG] Thread::initThread                       : Init FMOD stream thread. Affinity: 0x4000000000000003, Priority: 0xFFFF7FFB, Stack Size: 98304, Semaphore: No, Sleep Time: 10, Looping: Yes.
[LOG] SystemI::DSPCodecPoolRegister            : register codec pool for pool type 0
[LOG] Thread::initThread                       : Init FMOD mixer thread. Affinity: 0x4000000000000001, Priority: 0xFFFF7FFA, Stack Size: 81920, Semaphore: No, Sleep Time: 0, Looping: Yes.
[LOG] AsyncManager::init                       : manager 000001E155D05168 isAsync 0 updatePeriod 0.02
[LOG] AsyncManager::init                       : done
[LOG] PlaybackSystem::init                     : 
[LOG] Thread::initThread                       : Init FMOD Studio sample load thread. Affinity: 0x4000000000000003, Priority: 0xFFFF7FFD, Stack Size: 98304, Semaphore: No, Sleep Time: 1, Looping: No.
[LOG] PlaybackSystem::init                     : done
[LOG] Thread::initThread                       : Init FMOD Studio bank load thread. Affinity: 0x4000000000000003, Priority: 0xFFFF7FFD, Stack Size: 98304, Semaphore: No, Sleep Time: 1, Looping: No.
[LOG] Manager::init                            : done.
[LOG] SystemI::mixerSuspend                    : Suspending output.
[LOG] SystemI::mixerResume                     : Resuming output.
[LOG] SystemI::mixerSuspend                    : Suspending output.
[LOG] SystemI::mixerResume                     : Resuming output.
[LOG] SystemI::mixerSuspend                    : Suspending output.
[LOG] SystemI::mixerResume                     : Resuming output.
[LOG] SystemI::mixerSuspend                    : Suspending output.
[LOG] SystemI::mixerResume                     : Resuming output.
[LOG] SystemI::createSoundInternal             : Create name='', mode=0x02000202
[LOG] SystemI::createSoundInternal             : exinfo->cbsize             = 224
[LOG] SystemI::createSoundInternal             : exinfo->length             = 223680
[LOG] SystemI::createSoundInternal             : exinfo->fileoffset         = 6496
[LOG] SystemI::createSoundInternal             : exinfo->numsubsounds       = 1
[LOG] SystemI::createSoundInternal             : exinfo->inclusionlist      = 000000146376ED68
[LOG] SystemI::createSoundInternal             : exinfo->inclusionlistnum   = 1
[LOG] SystemI::createSoundInternal             : exinfo->suggestedsoundtype = 5
[LOG] SystemI::createSoundInternal             : exinfo->useropen           = 00007FFDADF1DA60
[LOG] SystemI::createSoundInternal             : exinfo->userclose          = 00007FFDADF1DA20
[LOG] SystemI::createSoundInternal             : exinfo->userread           = 00007FFDADF1DB40
[LOG] SystemI::createSoundInternal             : exinfo->userseek           = 00007FFDADF1DC00
[LOG] SystemI::createSoundInternal             : exinfo->fileuserdata       = 000001E06F28F0E8
[LOG] SystemI::createSoundInternal             : exinfo->initialseekpostype = 1
[LOG] SystemI::DSPCodecPoolRegister            : register codec pool for pool type 4
[LOG] SystemI::createSoundInternal             : Sample 0/1: name='250912_003_Tr3', format=5, channels=1, frequency=48000, lengthbytes=223488, lengthpcm=384000, pcmblocksize=0, loopstart=0, loopend=0, mode=0x00000000, channelmask=0x00000000, channelorder=0, peakvolume=0.572550.
[LOG] SoundI::release                          :  (000001E0552CA538)
[LOG] SoundI::release                          :     250912_003_Tr3 (000001E04BE8CAC8)
[LOG] Thread::callback                         : FMOD Studio update thread finished.
[LOG] Thread::callback                         : FMOD Studio bank load thread finished.
[LOG] ProfileClient::markDead                  : Closing client connection
[LOG] Profile::disconnectAll                   : Profiler disconnecting all clients
[LOG] Thread::callback                         : FMOD profiler thread (send) finished.
[LOG] FMOD_OS_Net_Read                         : Interrupted.[LOG] ProfileClient::recvThreadLoopFunction    : Socket disconnected
[LOG] Thread::callback                         : FMOD profiler thread (recv) finished.
[LOG] Thread::callback                         : FMOD Studio sample load thread finished.
[LOG] LiveUpdate::release                      : 
[LOG] LiveUpdate::reset                        : Reset connection (reason Disconnected)
[LOG] Thread::callback                         : FMOD stream thread finished.
[LOG] Thread::callback                         : FMOD mixer thread finished.
[LOG] Profile::disconnectAll                   : Profiler disconnecting all clients
[LOG] SystemI::closeInternal                   : Closed.
[ERR] ~Global                                  : assertion: 'gSystemInitCount == 0' failed
